11:02:36.728 INFO  [main][DemoProjectApplication.logStarting(StartupInfoLogger.java:55)] Starting DemoProjectApplication using Java 17.0.2 on LAPTOP-98P3UM8O with PID 34932 (C:\JAVA\Demo_project\bin\main started by jerry in C:\JAVA\Demo_project)
11:02:36.734 INFO  [main][DemoProjectApplication.logStartupProfileInfo(SpringApplication.java:645)] No active profile set, falling back to 1 default profile: "default"
11:02:37.872 INFO  [main][RepositoryConfigurationDelegate.registerRepositoriesIn(RepositoryConfigurationDelegate.java:132)] Bootstrapping Spring Data JPA repositories in DEFAULT mode.
11:02:38.006 INFO  [main][RepositoryConfigurationDelegate.registerRepositoriesIn(RepositoryConfigurationDelegate.java:201)] Finished Spring Data repository scanning in 117 ms. Found 11 JPA repository interfaces.
11:02:39.141 INFO  [main][TomcatWebServer.initialize(TomcatWebServer.java:108)] Tomcat initialized with port(s): 8080 (http)
11:02:39.168 INFO  [main][Http11NioProtocol.log(DirectJDKLog.java:173)] Initializing ProtocolHandler ["http-nio-8080"]
11:02:39.170 INFO  [main][StandardService.log(DirectJDKLog.java:173)] Starting service [Tomcat]
11:02:39.171 INFO  [main][StandardEngine.log(DirectJDKLog.java:173)] Starting Servlet engine: [Apache Tomcat/9.0.65]
11:02:39.347 INFO  [main][[/].log(DirectJDKLog.java:173)] Initializing Spring embedded WebApplicationContext
11:02:39.347 INFO  [main][ServletWebServerApplicationContext.prepareWebApplicationContext(ServletWebServerApplicationContext.java:290)] Root WebApplicationContext: initialization completed in 2547 ms
11:02:39.554 INFO  [main][HikariDataSource.getConnection(HikariDataSource.java:110)] HikariPool-1 - Starting...
11:02:39.807 INFO  [main][HikariDataSource.getConnection(HikariDataSource.java:123)] HikariPool-1 - Start completed.
11:02:40.017 INFO  [main][LogHelper.logPersistenceUnitInformation(LogHelper.java:31)] HHH000204: Processing PersistenceUnitInfo [name: default]
11:02:40.102 INFO  [main][Version.logVersion(Version.java:44)] HHH000412: Hibernate ORM core version 5.6.11.Final
11:02:40.355 INFO  [main][Version.<clinit>(JavaReflectionManager.java:56)] HCANN000001: Hibernate Commons Annotations {5.1.2.Final}
11:02:40.533 INFO  [main][Dialect.<init>(Dialect.java:175)] HHH000400: Using dialect: org.hibernate.dialect.MySQL8Dialect
11:02:40.834 WARN  [main][RootClass.checkCompositeIdentifier(RootClass.java:287)] HHH000038: Composite-id class does not override equals(): com.example.demo_project.entity.Org_Company_Id
11:02:40.834 WARN  [main][RootClass.checkCompositeIdentifier(RootClass.java:290)] HHH000039: Composite-id class does not override hashCode(): com.example.demo_project.entity.Org_Company_Id
11:02:41.334 INFO  [main][JtaPlatformInitiator.initiateService(JtaPlatformInitiator.java:52)] HHH000490: Using JtaPlatform implementation: [org.hibernate.engine.transaction.jta.platform.internal.NoJtaPlatform]
11:02:41.349 INFO  [main][LocalContainerEntityManagerFactoryBean.buildNativeEntityManagerFactory(AbstractEntityManagerFactoryBean.java:437)] Initialized JPA EntityManagerFactory for persistence unit 'default'
11:02:41.572 WARN  [main][JpaBaseConfiguration$JpaWebConfiguration.openEntityManagerInViewInterceptor(JpaBaseConfiguration.java:219)] spring.jpa.open-in-view is enabled by default. Therefore, database queries may be performed during view rendering. Explicitly configure spring.jpa.open-in-view to disable this warning
11:02:42.612 INFO  [main][DefaultSecurityFilterChain.<init>(DefaultSecurityFilterChain.java:55)] Will secure any request with [org.springframework.security.web.context.request.async.WebAsyncManagerIntegrationFilter@4c9bed65, org.springframework.security.web.context.SecurityContextPersistenceFilter@d3b0397, org.springframework.security.web.header.HeaderWriterFilter@530bd77b, org.springframework.security.web.csrf.CsrfFilter@344769b9, org.springframework.security.web.authentication.logout.LogoutFilter@5570ee6d, org.springframework.security.web.authentication.UsernamePasswordAuthenticationFilter@1adec8d, org.springframework.security.web.authentication.ui.DefaultLoginPageGeneratingFilter@6464f017, org.springframework.security.web.authentication.ui.DefaultLogoutPageGeneratingFilter@4629dde5, org.springframework.security.web.authentication.www.BasicAuthenticationFilter@467421cc, org.springframework.security.web.savedrequest.RequestCacheAwareFilter@52bcfd10, org.springframework.security.web.servletapi.SecurityContextHolderAwareRequestFilter@38f569d, org.springframework.security.web.authentication.AnonymousAuthenticationFilter@7e35d743, org.springframework.security.web.session.SessionManagementFilter@7657d29f, org.springframework.security.web.access.ExceptionTranslationFilter@63a9af28, org.springframework.security.web.access.intercept.FilterSecurityInterceptor@506e382b]
11:02:43.758 INFO  [main][Http11NioProtocol.log(DirectJDKLog.java:173)] Starting ProtocolHandler ["http-nio-8080"]
11:02:43.801 INFO  [main][TomcatWebServer.start(TomcatWebServer.java:220)] Tomcat started on port(s): 8080 (http) with context path ''
11:02:43.815 INFO  [main][DemoProjectApplication.logStarted(StartupInfoLogger.java:61)] Started DemoProjectApplication in 7.492 seconds (JVM running for 8.155)
